# JRE version: Java(TM) SE Runtime Environment (17.0.11+7) (build 17.0.11+7-LTS-207)
# Java VM: Java HotSpot(TM) 64-Bit Server VM (17.0.11+7-LTS-207, mixed mode, sharing, tiered, compressed oops, compressed class ptrs, g1 gc, windows-amd64)
GC Precious Log:
 CPUs: 6 total, 6 available
 Memory: 8030M
 Large Page Support: Disabled
 NUMA Support: Disabled
 Compressed Oops: Enabled (32-bit)
 Heap Region Size: 1M
 Heap Min Capacity: 8M
 Heap Initial Capacity: 8M
 Heap Max Capacity: 2008M
 Pre-touch: Disabled
 Parallel Workers: 6
 Concurrent Workers: 2
 Concurrent Refinement Workers: 6
 Periodic GC: Disabled
Heap:
 garbage-first heap   total 649216K, used 187627K [0x0000000082800000, 0x0000000100000000)
  region size 1024K, 14 young (14336K), 14 survivors (14336K)
 Metaspace       used 29778K, committed 30080K, reserved 1114112K
  class space    used 3460K, committed 3584K, reserved 1048576K
GC Heap History (20 events):
Event: 21.548 GC heap after
{Heap after GC invocations=67 (full 0):
 garbage-first heap   total 649216K, used 186063K [0x0000000082800000, 0x0000000100000000)
  region size 1024K, 24 young (24576K), 24 survivors (24576K)
 Metaspace       used 29235K, committed 29504K, reserved 1114112K
  class space    used 3427K, committed 3584K, reserved 1048576K
}
Event: 22.960 GC heap before
{Heap before GC invocations=67 (full 0):
 garbage-first heap   total 649216K, used 549583K [0x0000000082800000, 0x0000000100000000)
  region size 1024K, 380 young (389120K), 24 survivors (24576K)
 Metaspace       used 29443K, committed 29696K, reserved 1114112K
  class space    used 3451K, committed 3584K, reserved 1048576K
}
Event: 22.972 GC heap after
{Heap after GC invocations=68 (full 0):
 garbage-first heap   total 649216K, used 185551K [0x0000000082800000, 0x0000000100000000)
  region size 1024K, 24 young (24576K), 24 survivors (24576K)
 Metaspace       used 29443K, committed 29696K, reserved 1114112K
  class space    used 3451K, committed 3584K, reserved 1048576K
}
Event: 24.249 GC heap before
{Heap before GC invocations=68 (full 0):
 garbage-first heap   total 649216K, used 550095K [0x0000000082800000, 0x0000000100000000)
  region size 1024K, 380 young (389120K), 24 survivors (24576K)
 Metaspace       used 29614K, committed 29888K, reserved 1114112K
  class space    used 3453K, committed 3584K, reserved 1048576K
}
Event: 24.262 GC heap after
{Heap after GC invocations=69 (full 0):
 garbage-first heap   total 649216K, used 185551K [0x0000000082800000, 0x0000000100000000)
  region size 1024K, 24 young (24576K), 24 survivors (24576K)
 Metaspace       used 29614K, committed 29888K, reserved 1114112K
  class space    used 3453K, committed 3584K, reserved 1048576K
}
Event: 25.407 GC heap before
{Heap before GC invocations=69 (full 0):
 garbage-first heap   total 649216K, used 554191K [0x0000000082800000, 0x0000000100000000)
  region size 1024K, 380 young (389120K), 24 survivors (24576K)
 Metaspace       used 29646K, committed 29888K, reserved 1114112K
  class space    used 3458K, committed 3584K, reserved 1048576K
}
Event: 25.421 GC heap after
{Heap after GC invocations=70 (full 0):
 garbage-first heap   total 649216K, used 186575K [0x0000000082800000, 0x0000000100000000)
  region size 1024K, 25 young (25600K), 25 survivors (25600K)
 Metaspace       used 29646K, committed 29888K, reserved 1114112K
  class space    used 3458K, committed 3584K, reserved 1048576K
}
Event: 26.478 GC heap before
{Heap before GC invocations=70 (full 0):
 garbage-first heap   total 649216K, used 551119K [0x0000000082800000, 0x0000000100000000)
  region size 1024K, 380 young (389120K), 25 survivors (25600K)
 Metaspace       used 29705K, committed 30016K, reserved 1114112K
  class space    used 3458K, committed 3584K, reserved 1048576K
}
Event: 26.491 GC heap after
{Heap after GC invocations=71 (full 0):
 garbage-first heap   total 649216K, used 185039K [0x0000000082800000, 0x0000000100000000)
  region size 1024K, 23 young (23552K), 23 survivors (23552K)
 Metaspace       used 29705K, committed 30016K, reserved 1114112K
  class space    used 3458K, committed 3584K, reserved 1048576K
}
Event: 27.495 GC heap before
{Heap before GC invocations=71 (full 0):
 garbage-first heap   total 649216K, used 565967K [0x0000000082800000, 0x0000000100000000)
  region size 1024K, 380 young (389120K), 23 survivors (23552K)
 Metaspace       used 29767K, committed 30080K, reserved 1114112K
  class space    used 3460K, committed 3584K, reserved 1048576K
}
Event: 27.508 GC heap after
{Heap after GC invocations=72 (full 0):
 garbage-first heap   total 649216K, used 185551K [0x0000000082800000, 0x0000000100000000)
  region size 1024K, 24 young (24576K), 24 survivors (24576K)
 Metaspace       used 29767K, committed 30080K, reserved 1114112K
  class space    used 3460K, committed 3584K, reserved 1048576K
}
Event: 27.548 GC heap before
{Heap before GC invocations=72 (full 0):
 garbage-first heap   total 649216K, used 272591K [0x0000000082800000, 0x0000000100000000)
  region size 1024K, 52 young (53248K), 24 survivors (24576K)
 Metaspace       used 29771K, committed 30080K, reserved 1114112K
  class space    used 3460K, committed 3584K, reserved 1048576K
}
Event: 27.562 GC heap after
{Heap after GC invocations=73 (full 0):
 garbage-first heap   total 649216K, used 187087K [0x0000000082800000, 0x0000000100000000)
  region size 1024K, 24 young (24576K), 24 survivors (24576K)
 Metaspace       used 29771K, committed 30080K, reserved 1114112K
  class space    used 3460K, committed 3584K, reserved 1048576K
}
Event: 27.599 GC heap before
{Heap before GC invocations=73 (full 0):
 garbage-first heap   total 649216K, used 264911K [0x0000000082800000, 0x0000000100000000)
  region size 1024K, 43 young (44032K), 24 survivors (24576K)
 Metaspace       used 29771K, committed 30080K, reserved 1114112K
  class space    used 3460K, committed 3584K, reserved 1048576K
}
Event: 27.612 GC heap after
{Heap after GC invocations=74 (full 0):
 garbage-first heap   total 649216K, used 186068K [0x0000000082800000, 0x0000000100000000)
  region size 1024K, 22 young (22528K), 22 survivors (22528K)
 Metaspace       used 29771K, committed 30080K, reserved 1114112K
  class space    used 3460K, committed 3584K, reserved 1048576K
}
Event: 27.646 GC heap before
{Heap before GC invocations=74 (full 0):
 garbage-first heap   total 649216K, used 256724K [0x0000000082800000, 0x0000000100000000)
  region size 1024K, 37 young (37888K), 22 survivors (22528K)
 Metaspace       used 29778K, committed 30080K, reserved 1114112K
  class space    used 3460K, committed 3584K, reserved 1048576K
}
Event: 27.657 GC heap after
{Heap after GC invocations=75 (full 0):
 garbage-first heap   total 649216K, used 186999K [0x0000000082800000, 0x0000000100000000)
  region size 1024K, 18 young (18432K), 18 survivors (18432K)
 Metaspace       used 29778K, committed 30080K, reserved 1114112K
  class space    used 3460K, committed 3584K, reserved 1048576K
}
Event: 27.683 GC heap before
{Heap before GC invocations=75 (full 0):
 garbage-first heap   total 649216K, used 247415K [0x0000000082800000, 0x0000000100000000)
  region size 1024K, 29 young (29696K), 18 survivors (18432K)
 Metaspace       used 29778K, committed 30080K, reserved 1114112K
  class space    used 3460K, committed 3584K, reserved 1048576K
}
Event: 27.693 GC heap after
{Heap after GC invocations=76 (full 0):
 garbage-first heap   total 649216K, used 187386K [0x0000000082800000, 0x0000000100000000)
  region size 1024K, 16 young (16384K), 16 survivors (16384K)
 Metaspace       used 29778K, committed 30080K, reserved 1114112K
  class space    used 3460K, committed 3584K, reserved 1048576K
}
Event: 27.723 GC heap before
{Heap before GC invocations=76 (full 0):
 garbage-first heap   total 649216K, used 248826K [0x0000000082800000, 0x0000000100000000)
  region size 1024K, 30 young (30720K), 16 survivors (16384K)
 Metaspace       used 29778K, committed 30080K, reserved 1114112K
  class space    used 3460K, committed 3584K, reserved 1048576K
}

